\BOOKMARK [2][-]{section*.1}{\376\377\000B\000a\000s\000i\000c\000\040\000i\000d\000e\000a}{}% 1
\BOOKMARK [2][-]{section*.2}{\376\377\000W\000h\000e\000r\000e\000\040\000t\000o\000\040\000g\000o}{}% 2
\BOOKMARK [2][-]{section*.3}{\376\377\000S\000t\000a\000t\000e\000\040\000d\000i\000a\000g\000r\000a\000m}{}% 3
\BOOKMARK [2][-]{section*.4}{\376\377\000P\000a\000r\000a\000m\000e\000t\000e\000r\000\040\000d\000e\000s\000c\000r\000i\000p\000t\000i\000o\000n}{}% 4
\BOOKMARK [2][-]{section*.5}{\376\377\000B\000a\000s\000i\000c\000\040\000s\000y\000s\000t\000e\000m\000\040\000o\000f\000\040\000O\000D\000E\000s}{}% 5
\BOOKMARK [2][-]{section*.6}{\376\377\000D\000i\000s\000e\000a\000s\000e\000-\000f\000r\000e\000e\000\040\000e\000q\000u\000i\000l\000i\000b\000r\000i\000u\000m\000\040\000o\000f\000\040\000t\000h\000e\000\040\000b\000e\000h\000a\000v\000i\000o\000u\000r}{}% 6
\BOOKMARK [2][-]{section*.7}{\376\377\000N\000e\000x\000t\000\040\000g\000e\000n\000e\000r\000a\000t\000i\000o\000n\000\040\000m\000a\000t\000r\000i\000x}{}% 7
\BOOKMARK [3][-]{section*.8}{\376\377\000M\000i\000s\000c}{section*.7}% 8
\BOOKMARK [1][-]{section*.9}{\376\377\000I\000m\000p\000r\000o\000v\000i\000n\000g\000\040\000t\000h\000e\000\040\000b\000e\000h\000a\000v\000i\000o\000u\000r\000\040\000t\000r\000a\000n\000s\000i\000t\000i\000o\000n\000s}{}% 9
\BOOKMARK [2][-]{section*.10}{\376\377\000T\000h\000e\000\040\000t\000h\000e\000o\000r\000y\000\040\000o\000f\000\040\000p\000l\000a\000n\000n\000e\000d\000\040\000b\000e\000h\000a\000v\000i\000o\000u\000r}{section*.9}% 10
\BOOKMARK [3][-]{section*.11}{\376\377\000M\000y\000\040\000t\000h\000o\000u\000g\000h\000t\000s\000\040\000t\000o\000\040\000a\000p\000p\000l\000y\000i\000n\000g\000\040\000t\000h\000i\000s\000\040\000t\000o\000\040\000m\000y\000\040\000m\000o\000d\000e\000l}{section*.10}% 11
\BOOKMARK [2][-]{section*.12}{\376\377\000T\000h\000e\000\040\000h\000e\000a\000l\000t\000h\000\040\000b\000e\000l\000i\000e\000f\000\040\000m\000o\000d\000e\000l}{section*.9}% 12
\BOOKMARK [3][-]{section*.13}{\376\377\000M\000y\000\040\000t\000h\000o\000u\000g\000h\000t\000s\000\040\000o\000f\000\040\000a\000p\000p\000l\000y\000i\000n\000g\000\040\000t\000h\000i\000s\000\040\000a\000p\000p\000r\000o\000a\000c\000h\000\040\000t\000o\000\040\000m\000y\000\040\000m\000o\000d\000e\000l}{section*.12}% 13
\BOOKMARK [2][-]{section*.14}{\376\377\000P\000r\000o\000t\000e\000c\000t\000i\000o\000n\000\040\000m\000o\000t\000i\000v\000a\000t\000i\000o\000n\000\040\000t\000h\000e\000o\000r\000y}{section*.9}% 14
\BOOKMARK [1][-]{section*.15}{\376\377\000A\000\040\000b\000e\000h\000a\000v\000i\000o\000u\000r\000-\000i\000n\000f\000e\000c\000t\000i\000o\000n\000\040\000m\000o\000d\000e\000l}{}% 15
\BOOKMARK [2][-]{section*.16}{\376\377\000U\000s\000i\000n\000g\000\040\000b\000e\000h\000a\000v\000i\000o\000u\000r\000a\000l\000\040\000m\000o\000d\000e\000l\000s\000\040\000t\000o\000\040\000d\000e\000s\000c\000r\000i\000b\000e\000\040\000\134\000o\000m\000e\000g\000a\000\040\000a\000n\000d\000\040\000\134\000a\000l\000p\000h\000a}{section*.15}% 16
\BOOKMARK [3][-]{section*.17}{\376\377\000B\000e\000h\000a\000v\000i\000o\000u\000r\000a\000l\000\040\000m\000o\000d\000e\000l\000\040\000f\000o\000r\000\040\000m\000a\000s\000k\000\040\000w\000e\000a\000r\000i\000n\000g}{section*.16}% 17
\BOOKMARK [3][-]{section*.19}{\376\377\000B\000e\000h\000a\000v\000i\000o\000u\000r\000a\000l\000\040\000m\000o\000d\000e\000l\000\040\000f\000o\000r\000\040\000v\000a\000c\000c\000i\000n\000a\000t\000i\000o\000n}{section*.16}% 18
\BOOKMARK [2][-]{section*.21}{\376\377\000T\000h\000e\000\040\000`\000`\000b\000e\000h\000a\000v\000i\000o\000u\000r\000a\000l\000\040\000R\0000\000'\000'}{section*.15}% 19
\BOOKMARK [1][-]{section*.22}{\376\377\000E\000x\000t\000e\000n\000s\000i\000o\000n\000s}{}% 20
\BOOKMARK [1][-]{section*.23}{\376\377\000L\000i\000n\000e\000a\000r\000i\000s\000i\000n\000g\000\040\000t\000h\000e\000\040\000b\000e\000h\000a\000v\000i\000o\000u\000r\000a\000l\000\040\000e\000q\000u\000a\000t\000i\000o\000n\000s}{}% 21
\BOOKMARK [2][-]{section*.24}{\376\377\000S\000i\000m\000p\000l\000i\000f\000i\000c\000a\000t\000i\000o\000n\000\040\000w\000h\000e\000n\000\040\000I\000\040\000i\000s\000\040\000a\000p\000p\000r\000o\000x\000i\000m\000a\000t\000e\000l\000y\000\040\000c\000o\000n\000s\000t\000a\000n\000t}{section*.23}% 22
\BOOKMARK [2][-]{section*.25}{\376\377\000S\000i\000m\000p\000l\000i\000f\000a\000c\000t\000i\000o\000n\000\040\000b\000y\000\040\000l\000i\000n\000e\000a\000r\000i\000s\000i\000n\000g\000\040\000I}{section*.23}% 23
